<?xml version="1.0" encoding="UTF-8"?>
<!-- Generated by org.testng.reporters.JUnitReportReporter -->
<testsuite hostname="XiaoMiRepeater_V2" failures="0" tests="3" name="TestClass" time="33.015" errors="0" timestamp="29 Oct 2020 04:04:37 GMT" skipped="0">
  <testcase classname="TestClass" name="registerAccount" time="17.837"/>
  <testcase classname="TestClass" name="verifyProductsInSection" time="6.568"/>
  <testcase classname="TestClass" name="saveResultsToTxt" time="8.610"/>
</testsuite> <!-- TestClass -->
