<?xml version="1.0" encoding="UTF-8"?>
<!-- Generated by org.testng.reporters.JUnitReportReporter -->
<testsuite hostname="XiaoMiRepeater_V2" failures="0" tests="3" name="TestClass" time="35.211" errors="0" timestamp="29 Oct 2020 04:39:48 GMT" skipped="0">
  <testcase classname="TestClass" name="registerAccount" time="16.561"/>
  <testcase classname="TestClass" name="verifyProductsInSection" time="10.104"/>
  <testcase classname="TestClass" name="saveResultsToTxt" time="8.546"/>
</testsuite> <!-- TestClass -->
