<?xml version="1.0" encoding="UTF-8"?>
<!-- Generated by org.testng.reporters.JUnitReportReporter -->
<testsuite skipped="0" hostname="XiaoMiRepeater_V2" name="TestClass" tests="3" failures="0" timestamp="29 Oct 2020 10:04:00 GMT" time="33.301" errors="0">
  <testcase name="registerAccount" time="19.179" classname="TestClass"/>
  <testcase name="verifyProductsInSection" time="6.700" classname="TestClass"/>
  <testcase name="saveResultsToTxt" time="7.422" classname="TestClass"/>
</testsuite> <!-- TestClass -->
